<?xml version="1.0" encoding="UTF-8"?>
<!-- Generated by org.testng.reporters.JUnitReportReporter -->
<testsuite skipped="0" hostname="HDC2-L-9227QQ2" name="testcases_Demo99.TC_04_Search_katalon" tests="1" failures="0" timestamp="25 Sep 2019 06:32:56 GMT" time="9.208" errors="0">
  <testcase name="testUntitledTestCase" time="9.208" classname="testcases_Demo99.TC_04_Search_katalon"/>
</testsuite> <!-- testcases_Demo99.TC_04_Search_katalon -->
