<?xml version="1.0" encoding="UTF-8"?>
<!-- Generated by org.testng.reporters.JUnitReportReporter -->
<testsuite skipped="0" hostname="HDC2-L-9227QQ2" name="testcases_Demo99.MercuryLoginValidation_Demo99" tests="1" failures="0" timestamp="25 Sep 2019 05:09:46 GMT" time="16.333" errors="0">
  <testcase name="loginvalidations" time="16.333" classname="testcases_Demo99.MercuryLoginValidation_Demo99"/>
</testsuite> <!-- testcases_Demo99.MercuryLoginValidation_Demo99 -->
